[2024-04-01T05:46:34.762+0000] {taskinstance.py:1157} INFO - Dependencies all met for dep_context=non-requeueable deps ti=<TaskInstance: deploy_project_kafkaClickhouse.task_1_runConsumer manual__2024-04-01T05:46:33.590007+00:00 [queued]>
[2024-04-01T05:46:34.769+0000] {taskinstance.py:1157} INFO - Dependencies all met for dep_context=requeueable deps ti=<TaskInstance: deploy_project_kafkaClickhouse.task_1_runConsumer manual__2024-04-01T05:46:33.590007+00:00 [queued]>
[2024-04-01T05:46:34.770+0000] {taskinstance.py:1359} INFO - Starting attempt 1 of 2
[2024-04-01T05:46:34.778+0000] {taskinstance.py:1380} INFO - Executing <Task(BashOperator): task_1_runConsumer> on 2024-04-01 05:46:33.590007+00:00
[2024-04-01T05:46:34.783+0000] {standard_task_runner.py:57} INFO - Started process 1740 to run task
[2024-04-01T05:46:34.785+0000] {standard_task_runner.py:84} INFO - Running: ['***', 'tasks', 'run', 'deploy_project_kafkaClickhouse', 'task_1_runConsumer', 'manual__2024-04-01T05:46:33.590007+00:00', '--job-id', '25', '--raw', '--subdir', 'DAGS_FOLDER/executeClickhouse.py', '--cfg-path', '/tmp/tmpzscmb9d_']
[2024-04-01T05:46:34.786+0000] {standard_task_runner.py:85} INFO - Job 25: Subtask task_1_runConsumer
[2024-04-01T05:46:34.822+0000] {task_command.py:415} INFO - Running <TaskInstance: deploy_project_kafkaClickhouse.task_1_runConsumer manual__2024-04-01T05:46:33.590007+00:00 [running]> on host 977df1ccf323
[2024-04-01T05:46:34.878+0000] {taskinstance.py:1660} INFO - Exporting env vars: AIRFLOW_CTX_DAG_OWNER='***' AIRFLOW_CTX_DAG_ID='deploy_project_kafkaClickhouse' AIRFLOW_CTX_TASK_ID='task_1_runConsumer' AIRFLOW_CTX_EXECUTION_DATE='2024-04-01T05:46:33.590007+00:00' AIRFLOW_CTX_TRY_NUMBER='1' AIRFLOW_CTX_DAG_RUN_ID='manual__2024-04-01T05:46:33.590007+00:00'
[2024-04-01T05:46:34.879+0000] {subprocess.py:63} INFO - Tmp dir root location: /tmp
[2024-04-01T05:46:34.879+0000] {subprocess.py:75} INFO - Running command: ['/bin/bash', '-c', 'python /opt/***/dags/clickhouse/producer.py']
[2024-04-01T05:46:34.889+0000] {subprocess.py:86} INFO - Output:
[2024-04-01T05:46:35.247+0000] {subprocess.py:93} INFO - Message sent to Kafka topic: ('2024-03-25 08:30:00', 12345, 'click', 'ad123', 'campaign_xyz', 'Google Ads')
[2024-04-01T05:46:35.247+0000] {subprocess.py:93} INFO - Message sent to Kafka topic: ('2024-03-25 09:15:00', 54321, 'view', 'ad456', 'campaign_abc', 'Facebook Ads')
[2024-04-01T05:46:35.247+0000] {subprocess.py:93} INFO - Message sent to Kafka topic: ('2024-03-25 10:00:00', 67890, 'click', 'ad789', 'campaign_def', 'Twitter Ads')
[2024-04-01T05:46:35.247+0000] {subprocess.py:93} INFO - Message sent to Kafka topic: ('2024-03-25 10:30:00', 23456, 'click', 'ad234', 'campaign_xyz', 'Google Ads')
[2024-04-01T05:46:35.247+0000] {subprocess.py:93} INFO - Message sent to Kafka topic: ('2024-03-25 11:45:00', 67890, 'view', 'ad789', 'campaign_def', 'Twitter Ads')
[2024-04-01T05:46:35.247+0000] {subprocess.py:93} INFO - Message sent to Kafka topic: ('2024-03-25 12:15:00', 12345, 'click', 'ad123', 'campaign_xyz', 'Google Ads')
[2024-04-01T05:46:35.248+0000] {subprocess.py:93} INFO - Message sent to Kafka topic: ('2024-03-25 13:00:00', 54321, 'view', 'ad456', 'campaign_abc', 'Facebook Ads')
[2024-04-01T05:46:35.248+0000] {subprocess.py:93} INFO - Message sent to Kafka topic: ('2024-03-25 14:30:00', 23456, 'click', 'ad234', 'campaign_xyz', 'Google Ads')
[2024-04-01T05:46:35.248+0000] {subprocess.py:93} INFO - Message sent to Kafka topic: ('2024-03-25 15:45:00', 67890, 'view', 'ad789', 'campaign_def', 'Twitter Ads')
[2024-04-01T05:46:35.248+0000] {subprocess.py:93} INFO - Message sent to Kafka topic: ('2024-03-25 16:15:00', 12345, 'click', 'ad123', 'campaign_xyz', 'Google Ads')
[2024-04-01T05:46:35.248+0000] {subprocess.py:93} INFO - All data sent to Kafka topic: log_data
[2024-04-01T05:46:35.256+0000] {subprocess.py:97} INFO - Command exited with return code 0
[2024-04-01T05:46:35.279+0000] {taskinstance.py:1398} INFO - Marking task as SUCCESS. dag_id=deploy_project_kafkaClickhouse, task_id=task_1_runConsumer, execution_date=20240401T054633, start_date=20240401T054634, end_date=20240401T054635
[2024-04-01T05:46:35.324+0000] {local_task_job_runner.py:228} INFO - Task exited with return code 0
[2024-04-01T05:46:35.341+0000] {taskinstance.py:2776} INFO - 1 downstream tasks scheduled from follow-on schedule check
