[2024-04-01T04:09:56.291+0000] {processor.py:157} INFO - Started process (PID=272) to work on /opt/airflow/dags/clickhoouse/producer.py
[2024-04-01T04:09:56.292+0000] {processor.py:829} INFO - Processing file /opt/airflow/dags/clickhoouse/producer.py for tasks to queue
[2024-04-01T04:09:56.293+0000] {logging_mixin.py:151} INFO - [2024-04-01T04:09:56.293+0000] {dagbag.py:539} INFO - Filling up the DagBag from /opt/airflow/dags/clickhoouse/producer.py
[2024-04-01T04:09:56.297+0000] {logging_mixin.py:151} INFO - [2024-04-01T04:09:56.296+0000] {dagbag.py:347} ERROR - Failed to import: /opt/airflow/dags/clickhoouse/producer.py
Traceback (most recent call last):
  File "/home/airflow/.local/lib/python3.8/site-packages/airflow/models/dagbag.py", line 343, in parse
    loader.exec_module(new_module)
  File "<frozen importlib._bootstrap_external>", line 843, in exec_module
  File "<frozen importlib._bootstrap>", line 219, in _call_with_frames_removed
  File "/opt/airflow/dags/clickhoouse/producer.py", line 1, in <module>
    from kafka import KafkaProducer
ModuleNotFoundError: No module named 'kafka'
[2024-04-01T04:09:56.297+0000] {processor.py:841} WARNING - No viable dags retrieved from /opt/airflow/dags/clickhoouse/producer.py
[2024-04-01T04:09:56.313+0000] {processor.py:179} INFO - Processing /opt/airflow/dags/clickhoouse/producer.py took 0.024 seconds
[2024-04-01T04:10:26.508+0000] {processor.py:157} INFO - Started process (PID=289) to work on /opt/airflow/dags/clickhoouse/producer.py
[2024-04-01T04:10:26.509+0000] {processor.py:829} INFO - Processing file /opt/airflow/dags/clickhoouse/producer.py for tasks to queue
[2024-04-01T04:10:26.510+0000] {logging_mixin.py:151} INFO - [2024-04-01T04:10:26.510+0000] {dagbag.py:539} INFO - Filling up the DagBag from /opt/airflow/dags/clickhoouse/producer.py
[2024-04-01T04:10:26.514+0000] {logging_mixin.py:151} INFO - [2024-04-01T04:10:26.513+0000] {dagbag.py:347} ERROR - Failed to import: /opt/airflow/dags/clickhoouse/producer.py
Traceback (most recent call last):
  File "/home/airflow/.local/lib/python3.8/site-packages/airflow/models/dagbag.py", line 343, in parse
    loader.exec_module(new_module)
  File "<frozen importlib._bootstrap_external>", line 843, in exec_module
  File "<frozen importlib._bootstrap>", line 219, in _call_with_frames_removed
  File "/opt/airflow/dags/clickhoouse/producer.py", line 1, in <module>
    from kafka import KafkaProducer
ModuleNotFoundError: No module named 'kafka'
[2024-04-01T04:10:26.514+0000] {processor.py:841} WARNING - No viable dags retrieved from /opt/airflow/dags/clickhoouse/producer.py
[2024-04-01T04:10:26.530+0000] {processor.py:179} INFO - Processing /opt/airflow/dags/clickhoouse/producer.py took 0.024 seconds
[2024-04-01T04:10:51.739+0000] {processor.py:157} INFO - Started process (PID=314) to work on /opt/airflow/dags/clickhoouse/producer.py
[2024-04-01T04:10:51.739+0000] {processor.py:829} INFO - Processing file /opt/airflow/dags/clickhoouse/producer.py for tasks to queue
[2024-04-01T04:10:51.741+0000] {logging_mixin.py:151} INFO - [2024-04-01T04:10:51.741+0000] {dagbag.py:539} INFO - Filling up the DagBag from /opt/airflow/dags/clickhoouse/producer.py
[2024-04-01T04:10:51.744+0000] {logging_mixin.py:151} INFO - [2024-04-01T04:10:51.743+0000] {dagbag.py:347} ERROR - Failed to import: /opt/airflow/dags/clickhoouse/producer.py
Traceback (most recent call last):
  File "/home/airflow/.local/lib/python3.8/site-packages/airflow/models/dagbag.py", line 343, in parse
    loader.exec_module(new_module)
  File "<frozen importlib._bootstrap_external>", line 843, in exec_module
  File "<frozen importlib._bootstrap>", line 219, in _call_with_frames_removed
  File "/opt/airflow/dags/clickhoouse/producer.py", line 1, in <module>
    from kafka import KafkaProducer
ModuleNotFoundError: No module named 'kafka'
[2024-04-01T04:10:51.744+0000] {processor.py:841} WARNING - No viable dags retrieved from /opt/airflow/dags/clickhoouse/producer.py
[2024-04-01T04:10:51.758+0000] {processor.py:179} INFO - Processing /opt/airflow/dags/clickhoouse/producer.py took 0.022 seconds
[2024-04-01T04:11:21.939+0000] {processor.py:157} INFO - Started process (PID=331) to work on /opt/airflow/dags/clickhoouse/producer.py
[2024-04-01T04:11:21.940+0000] {processor.py:829} INFO - Processing file /opt/airflow/dags/clickhoouse/producer.py for tasks to queue
[2024-04-01T04:11:21.942+0000] {logging_mixin.py:151} INFO - [2024-04-01T04:11:21.942+0000] {dagbag.py:539} INFO - Filling up the DagBag from /opt/airflow/dags/clickhoouse/producer.py
[2024-04-01T04:11:21.944+0000] {logging_mixin.py:151} INFO - [2024-04-01T04:11:21.944+0000] {dagbag.py:347} ERROR - Failed to import: /opt/airflow/dags/clickhoouse/producer.py
Traceback (most recent call last):
  File "/home/airflow/.local/lib/python3.8/site-packages/airflow/models/dagbag.py", line 343, in parse
    loader.exec_module(new_module)
  File "<frozen importlib._bootstrap_external>", line 843, in exec_module
  File "<frozen importlib._bootstrap>", line 219, in _call_with_frames_removed
  File "/opt/airflow/dags/clickhoouse/producer.py", line 1, in <module>
    from kafka import KafkaProducer
ModuleNotFoundError: No module named 'kafka'
[2024-04-01T04:11:21.945+0000] {processor.py:841} WARNING - No viable dags retrieved from /opt/airflow/dags/clickhoouse/producer.py
[2024-04-01T04:11:21.959+0000] {processor.py:179} INFO - Processing /opt/airflow/dags/clickhoouse/producer.py took 0.022 seconds
